  RepoPointers.cpp
  Tester.cpp
C:\Users\Cristi\source\repos\Chess\Chess\RepoPointers.h(36,1): error C2227: left of '->get_id' must point to class/struct/union/generic type
C:\Users\Cristi\source\repos\Chess\Chess\RepoPointers.h(36,1): message : type is 'T *'
          with
          [
              T=ChessPiece *
          ]
C:\Users\Cristi\source\repos\Chess\Chess\RepoPointers.h(35): message : while compiling class template member function 'void RepoPointers<ChessPiece *>::add(T *)'
          with
          [
              T=ChessPiece *
          ]
C:\Users\Cristi\source\repos\Chess\Chess\Tester.cpp(244): message : see reference to class template instantiation 'RepoPointers<ChessPiece *>' being compiled
C:\Users\Cristi\source\repos\Chess\Chess\RepoPointers.h(36,23): error C2672: 'std::_Hash<std::_Umap_traits<_Kty,_Ty,std::_Uhash_compare<_Kty,_Hasher,_Keyeq>,_Alloc,false>>::find': no matching overloaded function found
          with
          [
              _Kty=int,
              _Ty=ChessPiece **,
              _Hasher=std::hash<int>,
              _Keyeq=std::equal_to<int>,
              _Alloc=std::allocator<std::pair<const int,ChessPiece **>>
          ]
C:\Users\Cristi\source\repos\Chess\Chess\RepoPointers.h(37,1): error C3536: 'it': cannot be used before it is initialized
C:\Users\Cristi\source\repos\Chess\Chess\RepoPointers.h(37,9): error C2677: binary '!=': no global operator found which takes type 'std::_List_iterator<std::_List_val<std::_List_simple_types<_Ty>>>' (or there is no acceptable conversion)
          with
          [
              _Ty=std::pair<const int,ChessPiece **>
          ]
C:\Users\Cristi\source\repos\Chess\Chess\RepoPointers.h(39,1): error C2664: 'std::pair<std::_List_iterator<std::_List_val<std::_List_simple_types<_Ty>>>,bool> std::_Hash<std::_Umap_traits<_Kty,ChessPiece**,std::_Uhash_compare<_Kty,_Hasher,_Keyeq>,_Alloc,false>>::insert(const std::pair<const int,T *> &)': cannot convert argument 1 from 'initializer list' to 'std::initializer_list<_Ty>'
          with
          [
              _Ty=std::pair<const int,ChessPiece **>,
              _Kty=int,
              _Hasher=std::hash<int>,
              _Keyeq=std::equal_to<int>,
              _Alloc=std::allocator<std::pair<const int,ChessPiece **>>,
              T=ChessPiece *
          ]
          and
          [
              _Ty=std::pair<const int,ChessPiece **>
          ]
C:\Users\Cristi\source\repos\Chess\Chess\RepoPointers.h(39,21): message : Element '1': no conversion from 'T *' to '_Ty'
          with
          [
              T=ChessPiece *
          ]
          and
          [
              _Ty=std::pair<const int,ChessPiece **>
          ]
C:\Program Files (x86)\Microsoft Visual Studio\2019\Community\VC\Tools\MSVC\14.27.29110\include\xhash(1089,10): message : see declaration of 'std::_Hash<std::_Umap_traits<_Kty,_Ty,std::_Uhash_compare<_Kty,_Hasher,_Keyeq>,_Alloc,false>>::insert'
          with
          [
              _Kty=int,
              _Ty=ChessPiece **,
              _Hasher=std::hash<int>,
              _Keyeq=std::equal_to<int>,
              _Alloc=std::allocator<std::pair<const int,ChessPiece **>>
          ]
C:\Users\Cristi\source\repos\Chess\Chess\RepoPointers.h(65,23): error C2672: 'std::_Hash<std::_Umap_traits<_Kty,_Ty,std::_Uhash_compare<_Kty,_Hasher,_Keyeq>,_Alloc,false>>::find': no matching overloaded function found
          with
          [
              _Kty=int,
              _Ty=ChessPiece **,
              _Hasher=std::hash<int>,
              _Keyeq=std::equal_to<int>,
              _Alloc=std::allocator<std::pair<const int,ChessPiece **>>
          ]
C:\Users\Cristi\source\repos\Chess\Chess\RepoPointers.h(64): message : while compiling class template member function 'void RepoPointers<ChessPiece *>::update(T *)'
          with
          [
              T=ChessPiece *
          ]
C:\Users\Cristi\source\repos\Chess\Chess\RepoPointers.h(66,1): error C3536: 'it': cannot be used before it is initialized
C:\Users\Cristi\source\repos\Chess\Chess\RepoPointers.h(66,9): error C2677: binary '==': no global operator found which takes type 'std::_List_iterator<std::_List_val<std::_List_simple_types<_Ty>>>' (or there is no acceptable conversion)
          with
          [
              _Ty=std::pair<const int,ChessPiece **>
          ]
C:\Users\Cristi\source\repos\Chess\Chess\RepoPointers.h(69,1): error C2664: 'std::pair<std::_List_iterator<std::_List_val<std::_List_simple_types<_Ty>>>,bool> std::_Hash<std::_Umap_traits<_Kty,ChessPiece**,std::_Uhash_compare<_Kty,_Hasher,_Keyeq>,_Alloc,false>>::insert(const std::pair<const int,T *> &)': cannot convert argument 1 from 'initializer list' to 'std::initializer_list<_Ty>'
          with
          [
              _Ty=std::pair<const int,ChessPiece **>,
              _Kty=int,
              _Hasher=std::hash<int>,
              _Keyeq=std::equal_to<int>,
              _Alloc=std::allocator<std::pair<const int,ChessPiece **>>,
              T=ChessPiece *
          ]
          and
          [
              _Ty=std::pair<const int,ChessPiece **>
          ]
C:\Users\Cristi\source\repos\Chess\Chess\RepoPointers.h(69,21): message : Element '1': no conversion from 'T *' to '_Ty'
          with
          [
              T=ChessPiece *
          ]
          and
          [
              _Ty=std::pair<const int,ChessPiece **>
          ]
C:\Program Files (x86)\Microsoft Visual Studio\2019\Community\VC\Tools\MSVC\14.27.29110\include\xhash(1089,10): message : see declaration of 'std::_Hash<std::_Umap_traits<_Kty,_Ty,std::_Uhash_compare<_Kty,_Hasher,_Keyeq>,_Alloc,false>>::insert'
          with
          [
              _Kty=int,
              _Ty=ChessPiece **,
              _Hasher=std::hash<int>,
              _Keyeq=std::equal_to<int>,
              _Alloc=std::allocator<std::pair<const int,ChessPiece **>>
          ]
  Generating Code...
